<?xml version="1.0" encoding="UTF-8"?>
<testng-results ignored="0" total="1" passed="1" failed="0" skipped="0">
  <reporter-output>
  </reporter-output>
  <suite started-at="2022-07-23T15:45:08 IST" name="Default suite" finished-at="2022-07-23T15:45:15 IST" duration-ms="7356">
    <groups>
    </groups>
    <test started-at="2022-07-23T15:45:08 IST" name="Default test" finished-at="2022-07-23T15:45:15 IST" duration-ms="7356">
      <class name="gmailtesting.UserInputFromConfigFile">
        <test-method is-config="true" signature="init()[pri:0, instance:gmailtesting.UserInputFromConfigFile@2794eab6]" started-at="2022-07-23T15:45:08 IST" name="init" finished-at="2022-07-23T15:45:08 IST" duration-ms="11" status="PASS">
          <reporter-output>
          </reporter-output>
        </test-method> <!-- init -->
        <test-method signature="inputFromConfigTest()[pri:0, instance:gmailtesting.UserInputFromConfigFile@2794eab6]" started-at="2022-07-23T15:45:08 IST" name="inputFromConfigTest" finished-at="2022-07-23T15:45:15 IST" duration-ms="7308" status="PASS">
          <reporter-output>
          </reporter-output>
        </test-method> <!-- inputFromConfigTest -->
      </class> <!-- gmailtesting.UserInputFromConfigFile -->
    </test> <!-- Default test -->
  </suite> <!-- Default suite -->
</testng-results>
