<?xml version="1.0" encoding="UTF-8"?>
<!-- Generated by org.testng.reporters.JUnitXMLReporter -->
<testsuite ignored="0" hostname="LAPTOP-0OVGS259" failures="0" tests="3" name="DemoTest" time="11.929" errors="0" timestamp="2022-07-23T15:33:59 IST">
  <testcase classname="gmailtesting.UserInputFromConfigFile" name="inputFromConfigTest" time="8.869"/>
  <testcase classname="gmailtesting.SetResolutionTest" name="setResolution" time="11.895"/>
  <testcase classname="gmailtesting.SetResolutionTest" name="setFullscreen" time="11.895"/>
</testsuite> <!-- DemoTest -->
